{"/Users/benily/git/instamobileInterview/constants/mockData.ts": {"path":"/Users/benily/git/instamobileInterview/constants/mockData.ts","statementMap":{"0":{"start":{"line":1,"column":26},"end":{"line":32,"column":1}},"1":{"start":{"line":34,"column":23},"end":{"line":340,"column":1}},"2":{"start":{"line":342,"column":27},"end":{"line":713,"column":1}}},"fnMap":{},"branchMap":{},"s":{"0":2,"1":2,"2":2},"f":{},"b":{},"_coverageSchema":"1a1c01bbd47fc00a2c39e90264f33305004495a9","hash":"f726d5d7a01c437ab691fadd7f730f6347270042"}
,"/Users/benily/git/instamobileInterview/src/components/Card.tsx": {"path":"/Users/benily/git/instamobileInterview/src/components/Card.tsx","statementMap":{"0":{"start":{"line":20,"column":15},"end":{"line":20,"column":39}},"1":{"start":{"line":22,"column":45},"end":{"line":52,"column":1}},"2":{"start":{"line":29,"column":1},"end":{"line":51,"column":3}},"3":{"start":{"line":54,"column":15},"end":{"line":102,"column":2}}},"fnMap":{"0":{"name":"(anonymous_0)","decl":{"start":{"line":22,"column":45},"end":{"line":22,"column":46}},"loc":{"start":{"line":28,"column":6},"end":{"line":52,"column":1}},"line":28}},"branchMap":{},"s":{"0":3,"1":3,"2":12,"3":3},"f":{"0":12},"b":{},"_coverageSchema":"1a1c01bbd47fc00a2c39e90264f33305004495a9","hash":"77d5aca188ee6fd20c4ab70dd58a51c84aa29989"}
,"/Users/benily/git/instamobileInterview/src/screens/Categories/Categories.tsx": {"path":"/Users/benily/git/instamobileInterview/src/screens/Categories/Categories.tsx","statementMap":{"0":{"start":{"line":12,"column":51},"end":{"line":40,"column":1}},"1":{"start":{"line":16,"column":1},"end":{"line":39,"column":3}},"2":{"start":{"line":21,"column":26},"end":{"line":21,"column":44}},"3":{"start":{"line":23,"column":23},"end":{"line":25,"column":13}},"4":{"start":{"line":24,"column":17},"end":{"line":24,"column":47}},"5":{"start":{"line":27,"column":5},"end":{"line":35,"column":7}},"6":{"start":{"line":33,"column":22},"end":{"line":33,"column":44}}},"fnMap":{"0":{"name":"(anonymous_0)","decl":{"start":{"line":12,"column":51},"end":{"line":12,"column":52}},"loc":{"start":{"line":15,"column":6},"end":{"line":40,"column":1}},"line":15},"1":{"name":"(anonymous_1)","decl":{"start":{"line":21,"column":18},"end":{"line":21,"column":19}},"loc":{"start":{"line":21,"column":26},"end":{"line":21,"column":44}},"line":21},"2":{"name":"(anonymous_2)","decl":{"start":{"line":22,"column":16},"end":{"line":22,"column":17}},"loc":{"start":{"line":22,"column":30},"end":{"line":36,"column":5}},"line":22},"3":{"name":"(anonymous_3)","decl":{"start":{"line":24,"column":6},"end":{"line":24,"column":7}},"loc":{"start":{"line":24,"column":17},"end":{"line":24,"column":47}},"line":24},"4":{"name":"(anonymous_4)","decl":{"start":{"line":33,"column":16},"end":{"line":33,"column":17}},"loc":{"start":{"line":33,"column":22},"end":{"line":33,"column":44}},"line":33}},"branchMap":{},"s":{"0":1,"1":1,"2":0,"3":0,"4":0,"5":0,"6":0},"f":{"0":1,"1":0,"2":0,"3":0,"4":0},"b":{},"_coverageSchema":"1a1c01bbd47fc00a2c39e90264f33305004495a9","hash":"995170a655f4d89c98ea91c99b01a84ad52dad7c"}
,"/Users/benily/git/instamobileInterview/src/screens/Details/Details.tsx": {"path":"/Users/benily/git/instamobileInterview/src/screens/Details/Details.tsx","statementMap":{"0":{"start":{"line":17,"column":48},"end":{"line":46,"column":1}},"1":{"start":{"line":27,"column":33},"end":{"line":27,"column":53}},"2":{"start":{"line":28,"column":1},"end":{"line":36,"column":8}},"3":{"start":{"line":29,"column":15},"end":{"line":29,"column":68}},"4":{"start":{"line":29,"column":39},"end":{"line":29,"column":61}},"5":{"start":{"line":30,"column":2},"end":{"line":34,"column":3}},"6":{"start":{"line":31,"column":3},"end":{"line":33,"column":5}},"7":{"start":{"line":35,"column":2},"end":{"line":35,"column":20}},"8":{"start":{"line":38,"column":1},"end":{"line":45,"column":3}}},"fnMap":{"0":{"name":"(anonymous_0)","decl":{"start":{"line":17,"column":48},"end":{"line":17,"column":49}},"loc":{"start":{"line":26,"column":6},"end":{"line":46,"column":1}},"line":26},"1":{"name":"(anonymous_1)","decl":{"start":{"line":28,"column":11},"end":{"line":28,"column":12}},"loc":{"start":{"line":28,"column":17},"end":{"line":36,"column":2}},"line":28},"2":{"name":"(anonymous_2)","decl":{"start":{"line":29,"column":31},"end":{"line":29,"column":32}},"loc":{"start":{"line":29,"column":39},"end":{"line":29,"column":61}},"line":29}},"branchMap":{"0":{"loc":{"start":{"line":30,"column":2},"end":{"line":34,"column":3}},"type":"if","locations":[{"start":{"line":30,"column":2},"end":{"line":34,"column":3}},{"start":{},"end":{}}],"line":30}},"s":{"0":1,"1":1,"2":1,"3":0,"4":0,"5":0,"6":0,"7":0,"8":1},"f":{"0":1,"1":0,"2":0},"b":{"0":[0,0]},"_coverageSchema":"1a1c01bbd47fc00a2c39e90264f33305004495a9","hash":"c4baa0d9420498b83102886b58cbb35da1db76ee"}
,"/Users/benily/git/instamobileInterview/src/screens/Home/Home.tsx": {"path":"/Users/benily/git/instamobileInterview/src/screens/Home/Home.tsx","statementMap":{"0":{"start":{"line":12,"column":45},"end":{"line":42,"column":1}},"1":{"start":{"line":13,"column":1},"end":{"line":41,"column":3}},"2":{"start":{"line":18,"column":26},"end":{"line":18,"column":50}},"3":{"start":{"line":21,"column":22},"end":{"line":23,"column":12}},"4":{"start":{"line":22,"column":18},"end":{"line":22,"column":49}},"5":{"start":{"line":24,"column":5},"end":{"line":28,"column":6}},"6":{"start":{"line":25,"column":6},"end":{"line":27,"column":8}},"7":{"start":{"line":29,"column":5},"end":{"line":37,"column":7}},"8":{"start":{"line":35,"column":22},"end":{"line":35,"column":45}}},"fnMap":{"0":{"name":"(anonymous_0)","decl":{"start":{"line":12,"column":45},"end":{"line":12,"column":46}},"loc":{"start":{"line":12,"column":74},"end":{"line":42,"column":1}},"line":12},"1":{"name":"(anonymous_1)","decl":{"start":{"line":18,"column":18},"end":{"line":18,"column":19}},"loc":{"start":{"line":18,"column":26},"end":{"line":18,"column":50}},"line":18},"2":{"name":"(anonymous_2)","decl":{"start":{"line":20,"column":16},"end":{"line":20,"column":17}},"loc":{"start":{"line":20,"column":30},"end":{"line":38,"column":5}},"line":20},"3":{"name":"(anonymous_3)","decl":{"start":{"line":22,"column":6},"end":{"line":22,"column":7}},"loc":{"start":{"line":22,"column":18},"end":{"line":22,"column":49}},"line":22},"4":{"name":"(anonymous_4)","decl":{"start":{"line":35,"column":16},"end":{"line":35,"column":17}},"loc":{"start":{"line":35,"column":22},"end":{"line":35,"column":45}},"line":35}},"branchMap":{"0":{"loc":{"start":{"line":24,"column":5},"end":{"line":28,"column":6}},"type":"if","locations":[{"start":{"line":24,"column":5},"end":{"line":28,"column":6}},{"start":{},"end":{}}],"line":24}},"s":{"0":1,"1":2,"2":22,"3":17,"4":26,"5":17,"6":6,"7":11,"8":0},"f":{"0":2,"1":22,"2":17,"3":26,"4":0},"b":{"0":[6,11]},"_coverageSchema":"1a1c01bbd47fc00a2c39e90264f33305004495a9","hash":"cd7b89f2dbe350200f3a9a7244bd8139f9160a0d"}
}
