TN:
SF:constants/mockData.ts
FNF:0
FNH:0
DA:1,2
DA:34,2
DA:342,2
LF:3
LH:3
BRF:0
BRH:0
end_of_record
TN:
SF:src/components/Card.tsx
FN:22,(anonymous_0)
FNF:1
FNH:1
FNDA:12,(anonymous_0)
DA:20,3
DA:22,3
DA:29,12
DA:54,3
LF:4
LH:4
BRF:0
BRH:0
end_of_record
TN:
SF:src/screens/Categories/Categories.tsx
FN:12,(anonymous_0)
FN:21,(anonymous_1)
FN:22,(anonymous_2)
FN:24,(anonymous_3)
FN:33,(anonymous_4)
FNF:5
FNH:1
FNDA:1,(anonymous_0)
FNDA:0,(anonymous_1)
FNDA:0,(anonymous_2)
FNDA:0,(anonymous_3)
FNDA:0,(anonymous_4)
DA:12,1
DA:16,1
DA:21,0
DA:23,0
DA:24,0
DA:27,0
DA:33,0
LF:7
LH:2
BRF:0
BRH:0
end_of_record
TN:
SF:src/screens/Details/Details.tsx
FN:17,(anonymous_0)
FN:28,(anonymous_1)
FN:29,(anonymous_2)
FNF:3
FNH:1
FNDA:1,(anonymous_0)
FNDA:0,(anonymous_1)
FNDA:0,(anonymous_2)
DA:17,1
DA:27,1
DA:28,1
DA:29,0
DA:30,0
DA:31,0
DA:35,0
DA:38,1
LF:8
LH:4
BRDA:30,0,0,0
BRDA:30,0,1,0
BRF:2
BRH:0
end_of_record
TN:
SF:src/screens/Home/Home.tsx
FN:12,(anonymous_0)
FN:18,(anonymous_1)
FN:20,(anonymous_2)
FN:22,(anonymous_3)
FN:35,(anonymous_4)
FNF:5
FNH:4
FNDA:2,(anonymous_0)
FNDA:22,(anonymous_1)
FNDA:17,(anonymous_2)
FNDA:26,(anonymous_3)
FNDA:0,(anonymous_4)
DA:12,1
DA:13,2
DA:18,22
DA:21,17
DA:22,26
DA:24,17
DA:25,6
DA:29,11
DA:35,0
LF:9
LH:8
BRDA:24,0,0,6
BRDA:24,0,1,11
BRF:2
BRH:2
end_of_record
